<?xml version="1.0" encoding="UTF-8"?>
<testsuite xmlns:xsi="http://www.w3.org/2001/XMLSchema-instance" xsi:noNamespaceSchemaLocation="https://maven.apache.org/surefire/maven-surefire-plugin/xsd/surefire-test-report-3.0.xsd" version="3.0" name="com.inditex.prueba.tecnica.juanjose.JuanjoseApplicationTests" time="5.019" tests="1" errors="0" skipped="0" failures="0">
  <properties>
[...]
</properties>
  <testcase name="mainMethodShouldRunSpringApplication" classname="com.inditex.prueba.tecnica.juanjose.JuanjoseApplicationTests" time="0.552">
    <system-out><![CDATA[13:53:39.031 [main] INFO org.springframework.test.context.support.AnnotationConfigContextLoaderUtils -- Could not detect default configuration classes for test class [com.inditex.prueba.tecnica.juanjose.JuanjoseApplicationTests]: JuanjoseApplicationTests does not declare any static, non-private, non-final, nested classes annotated with @Configuration.
13:53:39.104 [main] INFO org.springframework.boot.test.context.SpringBootTestContextBootstrapper -- Found @SpringBootConfiguration com.inditex.prueba.tecnica.juanjose.JuanjoseApplication for test class com.inditex.prueba.tecnica.juanjose.JuanjoseApplicationTests
13:53:39.218 [main] INFO org.springframework.boot.devtools.restart.RestartApplicationListener -- Restart disabled due to context in which it is running

  .   ____          _            __ _ _
 /\\ / ___'_ __ _ _(_)_ __  __ _ \ \ \ \
( ( )\___ | '_ | '_| | '_ \/ _` | \ \ \ \
 \\/  ___)| |_)| | | | | || (_| |  ) ) ) )
  '  |____| .__|_| |_|_| |_\__, | / / / /
 =========|_|==============|___/=/_/_/_/

 :: Spring Boot ::                (v3.3.1)

2025-07-12T13:53:39.386+02:00  INFO 6060 --- [juanjose] [           main] c.i.p.t.j.JuanjoseApplicationTests       : Starting JuanjoseApplicationTests using Java 21.0.7 with PID 6060 (started by juanj in D:\PROGRAMACION\PROYECTOS\JAVA\Test_Inditex)
2025-07-12T13:53:39.387+02:00  INFO 6060 --- [juanjose] [           main] c.i.p.t.j.JuanjoseApplicationTests       : No active profile set, falling back to 1 default profile: "default"
2025-07-12T13:53:40.147+02:00  INFO 6060 --- [juanjose] [           main] .s.d.r.c.RepositoryConfigurationDelegate : Bootstrapping Spring Data JPA repositories in DEFAULT mode.
2025-07-12T13:53:40.194+02:00  INFO 6060 --- [juanjose] [           main] .s.d.r.c.RepositoryConfigurationDelegate : Finished Spring Data repository scanning in 40 ms. Found 1 JPA repository interface.
2025-07-12T13:53:40.649+02:00  INFO 6060 --- [juanjose] [           main] com.zaxxer.hikari.HikariDataSource       : HikariPool-1 - Starting...
2025-07-12T13:53:40.818+02:00  INFO 6060 --- [juanjose] [           main] com.zaxxer.hikari.pool.HikariPool        : HikariPool-1 - Added connection conn0: url=jdbc:h2:mem:pricesdb user=USER
2025-07-12T13:53:40.820+02:00  INFO 6060 --- [juanjose] [           main] com.zaxxer.hikari.HikariDataSource       : HikariPool-1 - Start completed.
2025-07-12T13:53:40.942+02:00  INFO 6060 --- [juanjose] [           main] o.hibernate.jpa.internal.util.LogHelper  : HHH000204: Processing PersistenceUnitInfo [name: default]
2025-07-12T13:53:40.998+02:00  INFO 6060 --- [juanjose] [           main] org.hibernate.Version                    : HHH000412: Hibernate ORM core version 6.5.2.Final
2025-07-12T13:53:41.035+02:00  INFO 6060 --- [juanjose] [           main] o.h.c.internal.RegionFactoryInitiator    : HHH000026: Second-level cache disabled
2025-07-12T13:53:41.293+02:00  INFO 6060 --- [juanjose] [           main] o.s.o.j.p.SpringPersistenceUnitInfo      : No LoadTimeWeaver setup: ignoring JPA class transformer
2025-07-12T13:53:41.325+02:00  WARN 6060 --- [juanjose] [           main] org.hibernate.orm.deprecation            : HHH90000025: H2Dialect does not need to be specified explicitly using 'hibernate.dialect' (remove the property setting and it will be selected by default)
2025-07-12T13:53:41.883+02:00  INFO 6060 --- [juanjose] [           main] o.h.e.t.j.p.i.JtaPlatformInitiator       : HHH000489: No JTA platform available (set 'hibernate.transaction.jta.platform' to enable JTA platform integration)
2025-07-12T13:53:41.885+02:00  INFO 6060 --- [juanjose] [           main] j.LocalContainerEntityManagerFactoryBean : Initialized JPA EntityManagerFactory for persistence unit 'default'
2025-07-12T13:53:42.474+02:00  WARN 6060 --- [juanjose] [           main] JpaBaseConfiguration$JpaWebConfiguration : spring.jpa.open-in-view is enabled by default. Therefore, database queries may be performed during view rendering. Explicitly configure spring.jpa.open-in-view to disable this warning
2025-07-12T13:53:43.209+02:00  INFO 6060 --- [juanjose] [           main] o.s.b.a.h2.H2ConsoleAutoConfiguration    : H2 console available at '/h2-console'. Database available at 'jdbc:h2:mem:pricesdb'
2025-07-12T13:53:43.246+02:00  INFO 6060 --- [juanjose] [           main] o.s.b.a.e.web.EndpointLinksResolver      : Exposing 1 endpoint beneath base path '/actuator'
2025-07-12T13:53:43.302+02:00  INFO 6060 --- [juanjose] [           main] c.i.p.t.j.JuanjoseApplicationTests       : Started JuanjoseApplicationTests in 4.092 seconds (process running for 4.832)
]]></system-out>
    <system-err><![CDATA[WARNING: A Java agent has been loaded dynamically (C:\Users\juanj\.m2\repository\net\bytebuddy\byte-buddy-agent\1.14.17\byte-buddy-agent-1.14.17.jar)
WARNING: If a serviceability tool is in use, please run with -XX:+EnableDynamicAgentLoading to hide this warning
WARNING: If a serviceability tool is not in use, please run with -Djdk.instrument.traceUsage for more information
WARNING: Dynamic loading of agents will be disallowed by default in a future release
]]></system-err>
  </testcase>
</testsuite>